Arguments: 
  /usr/local/bin/node /usr/local/Cellar/yarn/1.19.2/libexec/bin/yarn.js add jest

PATH: 
  /usr/local/bin:/usr/bin:/bin:/usr/sbin:/sbin:/Library/Apple/usr/bin:/Users/djytwy/Desktop/workplace/flutter/bin:/Users/djytwy/Desktop/workplace/flutter/bin/cache/dart-sdk/bin:/Users/djytwy/Desktop/workplace/flutter/bin:/Users/djytwy/Desktop/workplace/flutter/bin/cache/dart-sdk/bin

Yarn version: 
  1.19.2

Node version: 
  14.5.0

Platform: 
  darwin x64

Trace: 
  Error: EINVAL: invalid argument, unlink '/Users/djytwy/Downloads/TVue3-master/node_modules/path-match/node_modules/http-errors'

npm manifest: 
  {
    "name": "my_vue3",
    "version": "0.0.0",
    "scripts": {
      "dev": "vite",
      "build": "vite build",
      "test": "jest",
      "unit": "jest --config test/unit/jest.conf.js --coverage"
    },
    "dependencies": {
      "element-plus": "latest",
      "vue": "^3.0.0-rc.10",
      "vue-router": "^4.0.2",
      "vuex": "^4.0.0-rc.2"
    },
    "devDependencies": {
      "@babel/preset-env": "^7.12.11",
      "@testing-library/jest-dom": "^5.11.6",
      "@types/jest": "^26.0.19",
      "@typescript-eslint/eslint-plugin": "^4.11.0",
      "@typescript-eslint/parser": "^4.11.0",
      "@vue/babel-plugin-jsx": "^1.0.0",
      "@vue/compiler-sfc": "^3.0.4",
      "@vue/test-utils": "^2.0.0-beta.4",
      "babel-jest": "^26.6.3",
      "sass": "1.30.0",
      "ts-jest": "^26.4.4",
      "typescript": "^4.1.3",
      "vite": "^1.0.0-rc.13",
      "vue-jest": "^5.0.0-alpha.3"
    },
    "jest": {
      "transform": {
        "^.+\\.vue$": "vue-jest",
        "^.+\\js$": "babel-jest",
        "^.+\\.(t|j)sx?$": "ts-jest"
      },
      "moduleFileExtensions": [
        "vue",
        "js",
        "json",
        "jsx",
        "ts",
        "tsx",
        "node"
      ]
    }
  }

yarn manifest: 
  No manifest

Lockfile: 
  No lockfile
